{
  "RSpec": {
    "coverage": {
      "/Users/ozzycrane/Desktop/Development/tornado-shelter-locator/api/spec/controllers/shelters_controller_spec.rb": [
        1,
        null,
        null,
        null,
        null,
        null,
        null,
        null,
        null,
        null,
        null,
        null,
        null,
        null,
        null,
        null,
        null,
        null,
        null,
        null,
        1,
        null,
        null,
        null,
        null,
        1,
        12,
        null,
        null,
        1,
        4,
        null,
        null,
        null,
        null,
        null,
        14,
        null,
        1,
        1,
        1,
        1,
        1,
        null,
        null,
        null,
        1,
        1,
        1,
        1,
        1,
        null,
        null,
        null,
        1,
        1,
        1,
        1,
        1,
        null,
        null,
        null,
        1,
        1,
        1,
        1,
        null,
        null,
        1,
        1,
        1,
        null,
        null,
        null,
        1,
        1,
        1,
        1,
        null,
        null,
        1,
        1,
        1,
        null,
        null,
        null,
        null,
        1,
        1,
        1,
        1,
        null,
        null,
        1,
        1,
        1,
        0,
        0,
        null,
        null,
        1,
        1,
        1,
        1,
        null,
        null,
        1,
        1,
        1,
        1,
        null,
        null,
        null,
        1,
        1,
        1,
        1,
        1,
        null,
        null,
        1,
        1,
        1,
        1,
        null,
        null,
        null,
        null,
        1,
        1,
        1,
        1,
        1,
        null,
        null,
        null,
        1,
        1,
        1,
        1,
        null,
        null,
        null,
        null
      ],
      "/Users/ozzycrane/Desktop/Development/tornado-shelter-locator/api/spec/rails_helper.rb": [
        null,
        1,
        1,
        null,
        1,
        1,
        1,
        null,
        null,
        null,
        null,
        null,
        null,
        null,
        null,
        null,
        null,
        null,
        null,
        null,
        null,
        null,
        null,
        null,
        null,
        null,
        1,
        null,
        1,
        null,
        1,
        null,
        null,
        null,
        null,
        1,
        null,
        null,
        null,
        null,
        null,
        null,
        null,
        null,
        null,
        null,
        null,
        null,
        null,
        null,
        1,
        null,
        null,
        1,
        null,
        null,
        null
      ],
      "/Users/ozzycrane/Desktop/Development/tornado-shelter-locator/api/config/environment.rb": [
        null,
        1,
        null,
        null,
        1
      ],
      "/Users/ozzycrane/Desktop/Development/tornado-shelter-locator/api/config/application.rb": [
        1,
        null,
        1,
        null,
        1,
        1,
        1,
        1,
        1,
        1,
        1,
        null,
        1,
        null,
        null,
        null,
        1,
        null,
        1,
        1,
        null,
        null,
        null,
        null,
        null,
        null,
        null,
        1,
        null,
        null
      ],
      "/Users/ozzycrane/Desktop/Development/tornado-shelter-locator/api/config/boot.rb": [
        1,
        null,
        1
      ],
      "/Users/ozzycrane/Desktop/Development/tornado-shelter-locator/api/config/environments/test.rb": [
        1,
        null,
        null,
        null,
        null,
        null,
        null,
        1,
        null,
        null,
        null,
        null,
        1,
        null,
        null,
        1,
        1,
        null,
        null,
        null,
        null,
        1,
        1,
        null,
        null,
        1,
        null,
        null,
        1,
        1,
        null,
        null,
        null,
        null,
        1,
        null,
        null,
        1,
        null,
        null,
        null,
        null
      ],
      "/Users/ozzycrane/Desktop/Development/tornado-shelter-locator/api/config/initializers/application_controller_renderer.rb": [
        null,
        null,
        null,
        null,
        null,
        null
      ],
      "/Users/ozzycrane/Desktop/Development/tornado-shelter-locator/api/config/initializers/backtrace_silencers.rb": [
        null,
        null,
        null,
        null,
        null,
        null,
        null
      ],
      "/Users/ozzycrane/Desktop/Development/tornado-shelter-locator/api/config/initializers/cors.rb": [
        null,
        null,
        null,
        null,
        null,
        null,
        null,
        null,
        null,
        null,
        null,
        null,
        null,
        null,
        null,
        null
      ],
      "/Users/ozzycrane/Desktop/Development/tornado-shelter-locator/api/config/initializers/filter_parameter_logging.rb": [
        null,
        null,
        null,
        1
      ],
      "/Users/ozzycrane/Desktop/Development/tornado-shelter-locator/api/config/initializers/inflections.rb": [
        null,
        null,
        null,
        null,
        null,
        null,
        null,
        null,
        null,
        null,
        null,
        null,
        null,
        null,
        null,
        null
      ],
      "/Users/ozzycrane/Desktop/Development/tornado-shelter-locator/api/config/initializers/mime_types.rb": [
        null,
        null,
        null,
        null
      ],
      "/Users/ozzycrane/Desktop/Development/tornado-shelter-locator/api/config/initializers/new_framework_defaults.rb": [
        null,
        null,
        null,
        null,
        null,
        null,
        null,
        null,
        1,
        null,
        null,
        1,
        null,
        null,
        1,
        null,
        null,
        1
      ],
      "/Users/ozzycrane/Desktop/Development/tornado-shelter-locator/api/config/initializers/wrap_parameters.rb": [
        null,
        null,
        null,
        null,
        null,
        null,
        1,
        2,
        null,
        null,
        null,
        null,
        null,
        null
      ],
      "/Users/ozzycrane/Desktop/Development/tornado-shelter-locator/api/spec/factories/shelters.rb": [
        1,
        1,
        1,
        1,
        1,
        null,
        null
      ],
      "/Users/ozzycrane/Desktop/Development/tornado-shelter-locator/api/config/routes.rb": [
        1,
        1,
        null,
        null
      ],
      "/Users/ozzycrane/Desktop/Development/tornado-shelter-locator/api/app/controllers/shelters_controller.rb": [
        1,
        1,
        null,
        null,
        1,
        2,
        null,
        2,
        null,
        null,
        null,
        1,
        1,
        null,
        null,
        null,
        1,
        5,
        null,
        5,
        3,
        null,
        2,
        null,
        null,
        null,
        null,
        1,
        4,
        4,
        null,
        0,
        null,
        null,
        null,
        null,
        1,
        2,
        null,
        null,
        1,
        null,
        1,
        7,
        null,
        null,
        null,
        1,
        9,
        null,
        null
      ],
      "/Users/ozzycrane/Desktop/Development/tornado-shelter-locator/api/app/controllers/application_controller.rb": [
        1,
        null
      ],
      "/Users/ozzycrane/Desktop/Development/tornado-shelter-locator/api/spec/models/shelter_spec.rb": [
        1,
        null,
        1,
        1,
        null
      ],
      "/Users/ozzycrane/Desktop/Development/tornado-shelter-locator/api/app/models/shelter.rb": [
        1,
        1,
        1,
        null
      ],
      "/Users/ozzycrane/Desktop/Development/tornado-shelter-locator/api/app/models/application_record.rb": [
        1,
        1,
        null
      ],
      "/Users/ozzycrane/Desktop/Development/tornado-shelter-locator/api/spec/requests/shelters_spec.rb": [
        1,
        null,
        1,
        1,
        1,
        1,
        1,
        null,
        null,
        null
      ],
      "/Users/ozzycrane/Desktop/Development/tornado-shelter-locator/api/spec/routing/shelters_routing_spec.rb": [
        1,
        null,
        1,
        1,
        null,
        1,
        1,
        null,
        null,
        1,
        1,
        null,
        null,
        1,
        1,
        null,
        null,
        1,
        1,
        null,
        null,
        1,
        1,
        null,
        null,
        1,
        1,
        null,
        null,
        null,
        null
      ]
    },
    "timestamp": 1489420031
  }
}
